<?xml version="1.0" encoding="UTF-8"?>
<coverage generated="1736145540386" clover="3.2.0">
  <project timestamp="1736145540386" name="All files">
    <metrics statements="20" coveredstatements="19" conditionals="5" coveredconditionals="5" methods="6" coveredmethods="6" elements="31" coveredelements="30" complexity="0" loc="20" ncloc="20" packages="1" files="1" classes="1"/>
    <file name="index.ts" path="D:\New Docs\npm-packages\github-version-tracker\src\index.ts">
      <metrics statements="20" coveredstatements="19" conditionals="5" coveredconditionals="5" methods="6" coveredmethods="6"/>
      <line num="1" count="1" type="stmt"/>
      <line num="15" count="1" type="stmt"/>
      <line num="21" count="2" type="stmt"/>
      <line num="22" count="2" type="cond" truecount="2" falsecount="0"/>
      <line num="23" count="2" type="cond" truecount="2" falsecount="0"/>
      <line num="26" count="1" type="stmt"/>
      <line num="28" count="2" type="stmt"/>
      <line num="30" count="2" type="stmt"/>
      <line num="33" count="1" type="stmt"/>
      <line num="34" count="2" type="stmt"/>
      <line num="37" count="1" type="stmt"/>
      <line num="39" count="2" type="stmt"/>
      <line num="40" count="2" type="stmt"/>
      <line num="42" count="2" type="stmt"/>
      <line num="48" count="0" type="stmt"/>
      <line num="52" count="1" type="stmt"/>
      <line num="56" count="1" type="cond" truecount="1" falsecount="0"/>
      <line num="57" count="1" type="stmt"/>
      <line num="62" count="1" type="stmt"/>
      <line num="65" count="1" type="stmt"/>
    </file>
  </project>
</coverage>
