{"D:\\New Docs\\npm-packages\\github-version-tracker\\src\\index.ts": {"path":"D:\\New Docs\\npm-packages\\github-version-tracker\\src\\index.ts","statementMap":{"0":{"start":{"line":1,"column":0},"end":{"line":1,"column":26}},"1":{"start":{"line":15,"column":0},"end":{"line":15,"column":13}},"2":{"start":{"line":21,"column":4},"end":{"line":21,"column":63}},"3":{"start":{"line":22,"column":4},"end":{"line":22,"column":43}},"4":{"start":{"line":23,"column":4},"end":{"line":23,"column":47}},"5":{"start":{"line":26,"column":10},"end":{"line":31,"column":null}},"6":{"start":{"line":28,"column":22},"end":{"line":28,"column":61}},"7":{"start":{"line":30,"column":4},"end":{"line":30,"column":41}},"8":{"start":{"line":33,"column":10},"end":{"line":35,"column":null}},"9":{"start":{"line":34,"column":4},"end":{"line":34,"column":94}},"10":{"start":{"line":37,"column":8},"end":{"line":50,"column":null}},"11":{"start":{"line":39,"column":23},"end":{"line":39,"column":null}},"12":{"start":{"line":39,"column":12},"end":{"line":39,"column":null}},"13":{"start":{"line":40,"column":12},"end":{"line":40,"column":40}},"14":{"start":{"line":42,"column":6},"end":{"line":46,"column":8}},"15":{"start":{"line":48,"column":6},"end":{"line":48,"column":75}},"16":{"start":{"line":52,"column":8},"end":{"line":61,"column":null}},"17":{"start":{"line":56,"column":46},"end":{"line":56,"column":null}},"18":{"start":{"line":56,"column":28},"end":{"line":56,"column":46}},"19":{"start":{"line":57,"column":4},"end":{"line":60,"column":6}},"20":{"start":{"line":62,"column":0},"end":{"line":62,"column":null}},"21":{"start":{"line":15,"column":13},"end":{"line":15,"column":25}},"22":{"start":{"line":65,"column":0},"end":{"line":65,"column":28}}},"fnMap":{"0":{"name":"(anonymous_14)","decl":{"start":{"line":15,"column":0},"end":{"line":15,"column":13}},"loc":{"start":{"line":15,"column":0},"end":{"line":62,"column":null}}},"1":{"name":"PackageTrack","decl":{"start":{"line":20,"column":2},"end":{"line":20,"column":14}},"loc":{"start":{"line":20,"column":42},"end":{"line":24,"column":3}}},"2":{"name":"(anonymous_16)","decl":{"start":{"line":26,"column":2},"end":{"line":26,"column":10}},"loc":{"start":{"line":26,"column":38},"end":{"line":31,"column":3}}},"3":{"name":"(anonymous_17)","decl":{"start":{"line":33,"column":2},"end":{"line":33,"column":10}},"loc":{"start":{"line":33,"column":2},"end":{"line":35,"column":3}}},"4":{"name":"(anonymous_18)","decl":{"start":{"line":37,"column":2},"end":{"line":37,"column":8}},"loc":{"start":{"line":37,"column":2},"end":{"line":50,"column":null}}},"5":{"name":"(anonymous_21)","decl":{"start":{"line":52,"column":2},"end":{"line":52,"column":8}},"loc":{"start":{"line":52,"column":46},"end":{"line":61,"column":null}}}},"branchMap":{"0":{"loc":{"start":{"line":22,"column":18},"end":{"line":22,"column":42}},"type":"binary-expr","locations":[{"start":{"line":22,"column":18},"end":{"line":22,"column":32}},{"start":{"line":22,"column":36},"end":{"line":22,"column":42}}]},"1":{"loc":{"start":{"line":23,"column":16},"end":{"line":23,"column":46}},"type":"binary-expr","locations":[{"start":{"line":23,"column":16},"end":{"line":23,"column":28}},{"start":{"line":23,"column":32},"end":{"line":23,"column":46}}]},"2":{"loc":{"start":{"line":56,"column":46},"end":{"line":56,"column":null}},"type":"switch","locations":[{"start":{"line":56,"column":46},"end":{"line":56,"column":null}}]}},"s":{"0":1,"1":1,"2":2,"3":2,"4":2,"5":1,"6":2,"7":2,"8":1,"9":2,"10":1,"11":2,"12":2,"13":2,"14":2,"15":0,"16":1,"17":1,"18":1,"19":1,"20":1,"21":1,"22":1},"f":{"0":1,"1":2,"2":2,"3":2,"4":2,"5":1},"b":{"0":[2,2],"1":[2,2],"2":[1]}}
}
