{"D:\\New Docs\\npm-packages\\github-version-tracker\\src\\index.ts": {"path":"D:\\New Docs\\npm-packages\\github-version-tracker\\src\\index.ts","statementMap":{"0":{"start":{"line":1,"column":0},"end":{"line":1,"column":26}},"1":{"start":{"line":15,"column":0},"end":{"line":15,"column":13}},"2":{"start":{"line":21,"column":4},"end":{"line":21,"column":63}},"3":{"start":{"line":22,"column":4},"end":{"line":22,"column":43}},"4":{"start":{"line":23,"column":4},"end":{"line":23,"column":47}},"5":{"start":{"line":26,"column":10},"end":{"line":31,"column":null}},"6":{"start":{"line":28,"column":22},"end":{"line":28,"column":61}},"7":{"start":{"line":30,"column":4},"end":{"line":30,"column":41}},"8":{"start":{"line":33,"column":10},"end":{"line":36,"column":null}},"9":{"start":{"line":35,"column":4},"end":{"line":35,"column":102}},"10":{"start":{"line":38,"column":8},"end":{"line":88,"column":null}},"11":{"start":{"line":40,"column":23},"end":{"line":44,"column":null}},"12":{"start":{"line":40,"column":12},"end":{"line":44,"column":null}},"13":{"start":{"line":46,"column":10},"end":{"line":46,"column":22}},"14":{"start":{"line":47,"column":6},"end":{"line":60,"column":7}},"15":{"start":{"line":49,"column":8},"end":{"line":57,"column":9}},"16":{"start":{"line":50,"column":16},"end":{"line":53,"column":23}},"17":{"start":{"line":54,"column":10},"end":{"line":54,"column":44}},"18":{"start":{"line":56,"column":10},"end":{"line":56,"column":38}},"19":{"start":{"line":59,"column":8},"end":{"line":59,"column":55}},"20":{"start":{"line":62,"column":6},"end":{"line":64,"column":7}},"21":{"start":{"line":63,"column":8},"end":{"line":63,"column":66}},"22":{"start":{"line":66,"column":6},"end":{"line":70,"column":8}},"23":{"start":{"line":72,"column":6},"end":{"line":85,"column":7}},"24":{"start":{"line":73,"column":8},"end":{"line":81,"column":9}},"25":{"start":{"line":74,"column":10},"end":{"line":76,"column":12}},"26":{"start":{"line":77,"column":15},"end":{"line":81,"column":9}},"27":{"start":{"line":78,"column":10},"end":{"line":80,"column":12}},"28":{"start":{"line":82,"column":8},"end":{"line":84,"column":10}},"29":{"start":{"line":86,"column":6},"end":{"line":86,"column":75}},"30":{"start":{"line":90,"column":8},"end":{"line":99,"column":null}},"31":{"start":{"line":94,"column":46},"end":{"line":94,"column":null}},"32":{"start":{"line":94,"column":28},"end":{"line":94,"column":46}},"33":{"start":{"line":95,"column":4},"end":{"line":98,"column":6}},"34":{"start":{"line":100,"column":0},"end":{"line":100,"column":null}},"35":{"start":{"line":15,"column":13},"end":{"line":15,"column":25}},"36":{"start":{"line":103,"column":0},"end":{"line":103,"column":28}}},"fnMap":{"0":{"name":"(anonymous_14)","decl":{"start":{"line":15,"column":0},"end":{"line":15,"column":13}},"loc":{"start":{"line":15,"column":0},"end":{"line":100,"column":null}}},"1":{"name":"PackageTrack","decl":{"start":{"line":20,"column":2},"end":{"line":20,"column":14}},"loc":{"start":{"line":20,"column":42},"end":{"line":24,"column":3}}},"2":{"name":"(anonymous_16)","decl":{"start":{"line":26,"column":2},"end":{"line":26,"column":10}},"loc":{"start":{"line":26,"column":38},"end":{"line":31,"column":3}}},"3":{"name":"(anonymous_17)","decl":{"start":{"line":33,"column":2},"end":{"line":33,"column":10}},"loc":{"start":{"line":33,"column":2},"end":{"line":36,"column":3}}},"4":{"name":"(anonymous_18)","decl":{"start":{"line":38,"column":2},"end":{"line":38,"column":8}},"loc":{"start":{"line":38,"column":2},"end":{"line":88,"column":null}}},"5":{"name":"(anonymous_21)","decl":{"start":{"line":90,"column":2},"end":{"line":90,"column":8}},"loc":{"start":{"line":90,"column":46},"end":{"line":99,"column":null}}}},"branchMap":{"0":{"loc":{"start":{"line":22,"column":18},"end":{"line":22,"column":42}},"type":"binary-expr","locations":[{"start":{"line":22,"column":18},"end":{"line":22,"column":32}},{"start":{"line":22,"column":36},"end":{"line":22,"column":42}}]},"1":{"loc":{"start":{"line":23,"column":16},"end":{"line":23,"column":46}},"type":"binary-expr","locations":[{"start":{"line":23,"column":16},"end":{"line":23,"column":28}},{"start":{"line":23,"column":32},"end":{"line":23,"column":46}}]},"2":{"loc":{"start":{"line":49,"column":8},"end":{"line":57,"column":9}},"type":"if","locations":[{"start":{"line":49,"column":8},"end":{"line":57,"column":9}},{"start":{"line":55,"column":15},"end":{"line":57,"column":9}}]},"3":{"loc":{"start":{"line":62,"column":6},"end":{"line":64,"column":7}},"type":"if","locations":[{"start":{"line":62,"column":6},"end":{"line":64,"column":7}}]},"4":{"loc":{"start":{"line":72,"column":6},"end":{"line":85,"column":7}},"type":"if","locations":[{"start":{"line":72,"column":6},"end":{"line":85,"column":7}}]},"5":{"loc":{"start":{"line":73,"column":8},"end":{"line":81,"column":9}},"type":"if","locations":[{"start":{"line":73,"column":8},"end":{"line":81,"column":9}},{"start":{"line":77,"column":15},"end":{"line":81,"column":9}}]},"6":{"loc":{"start":{"line":73,"column":12},"end":{"line":73,"column":34}},"type":"cond-expr","locations":[{"start":{"line":73,"column":26},"end":{"line":73,"column":28}},{"start":{"line":73,"column":26},"end":{"line":73,"column":34}}]},"7":{"loc":{"start":{"line":73,"column":12},"end":{"line":73,"column":28}},"type":"binary-expr","locations":[{"start":{"line":73,"column":12},"end":{"line":73,"column":28}},{"start":{"line":73,"column":26},"end":{"line":73,"column":28}}]},"8":{"loc":{"start":{"line":77,"column":15},"end":{"line":81,"column":9}},"type":"if","locations":[{"start":{"line":77,"column":15},"end":{"line":81,"column":9}}]},"9":{"loc":{"start":{"line":77,"column":19},"end":{"line":77,"column":41}},"type":"cond-expr","locations":[{"start":{"line":77,"column":33},"end":{"line":77,"column":35}},{"start":{"line":77,"column":33},"end":{"line":77,"column":41}}]},"10":{"loc":{"start":{"line":77,"column":19},"end":{"line":77,"column":35}},"type":"binary-expr","locations":[{"start":{"line":77,"column":19},"end":{"line":77,"column":35}},{"start":{"line":77,"column":33},"end":{"line":77,"column":35}}]},"11":{"loc":{"start":{"line":83,"column":31},"end":{"line":83,"column":53}},"type":"cond-expr","locations":[{"start":{"line":83,"column":45},"end":{"line":83,"column":47}},{"start":{"line":83,"column":45},"end":{"line":83,"column":53}}]},"12":{"loc":{"start":{"line":83,"column":31},"end":{"line":83,"column":47}},"type":"binary-expr","locations":[{"start":{"line":83,"column":31},"end":{"line":83,"column":47}},{"start":{"line":83,"column":45},"end":{"line":83,"column":47}}]},"13":{"loc":{"start":{"line":83,"column":57},"end":{"line":83,"column":83}},"type":"cond-expr","locations":[{"start":{"line":83,"column":71},"end":{"line":83,"column":73}},{"start":{"line":83,"column":71},"end":{"line":83,"column":83}}]},"14":{"loc":{"start":{"line":83,"column":57},"end":{"line":83,"column":73}},"type":"binary-expr","locations":[{"start":{"line":83,"column":57},"end":{"line":83,"column":73}},{"start":{"line":83,"column":71},"end":{"line":83,"column":73}}]},"15":{"loc":{"start":{"line":94,"column":46},"end":{"line":94,"column":null}},"type":"switch","locations":[{"start":{"line":94,"column":46},"end":{"line":94,"column":null}}]}},"s":{"0":1,"1":1,"2":2,"3":2,"4":2,"5":1,"6":2,"7":2,"8":1,"9":2,"10":1,"11":2,"12":2,"13":2,"14":2,"15":2,"16":0,"17":0,"18":2,"19":0,"20":2,"21":0,"22":2,"23":0,"24":0,"25":0,"26":0,"27":0,"28":0,"29":0,"30":1,"31":1,"32":1,"33":1,"34":1,"35":1,"36":1},"f":{"0":1,"1":2,"2":2,"3":2,"4":2,"5":1},"b":{"0":[2,2],"1":[2,2],"2":[0,2],"3":[0],"4":[0],"5":[0,0],"6":[0,0],"7":[0,0],"8":[0],"9":[0,0],"10":[0,0],"11":[0,0],"12":[0,0],"13":[0,0],"14":[0,0],"15":[1]}}
}
