TN:
SF:src\index.ts
FN:15,(anonymous_14)
FN:20,PackageTrack
FN:26,(anonymous_16)
FN:33,(anonymous_17)
FN:37,(anonymous_18)
FN:52,(anonymous_21)
FNF:6
FNH:6
FNDA:1,(anonymous_14)
FNDA:2,PackageTrack
FNDA:2,(anonymous_16)
FNDA:2,(anonymous_17)
FNDA:2,(anonymous_18)
FNDA:1,(anonymous_21)
DA:1,1
DA:15,1
DA:21,2
DA:22,2
DA:23,2
DA:26,1
DA:28,2
DA:30,2
DA:33,1
DA:34,2
DA:37,1
DA:39,2
DA:40,2
DA:42,2
DA:48,0
DA:52,1
DA:56,1
DA:57,1
DA:62,1
DA:65,1
LF:20
LH:19
BRDA:22,0,0,2
BRDA:22,0,1,2
BRDA:23,1,0,2
BRDA:23,1,1,2
BRDA:56,2,0,1
BRF:5
BRH:5
end_of_record
