TN:
SF:src\index.ts
FN:15,(anonymous_14)
FN:20,PackageTrack
FN:26,(anonymous_16)
FN:33,(anonymous_17)
FN:38,(anonymous_18)
FN:90,(anonymous_21)
FNF:6
FNH:6
FNDA:1,(anonymous_14)
FNDA:2,PackageTrack
FNDA:2,(anonymous_16)
FNDA:2,(anonymous_17)
FNDA:2,(anonymous_18)
FNDA:1,(anonymous_21)
DA:1,1
DA:15,1
DA:21,2
DA:22,2
DA:23,2
DA:26,1
DA:28,2
DA:30,2
DA:33,1
DA:35,2
DA:38,1
DA:40,2
DA:46,2
DA:47,2
DA:49,2
DA:50,0
DA:54,0
DA:56,2
DA:59,0
DA:62,2
DA:63,0
DA:66,2
DA:72,0
DA:73,0
DA:74,0
DA:77,0
DA:78,0
DA:82,0
DA:86,0
DA:90,1
DA:94,1
DA:95,1
DA:100,1
DA:103,1
LF:34
LH:23
BRDA:22,0,0,2
BRDA:22,0,1,2
BRDA:23,1,0,2
BRDA:23,1,1,2
BRDA:49,2,0,0
BRDA:49,2,1,2
BRDA:62,3,0,0
BRDA:72,4,0,0
BRDA:73,5,0,0
BRDA:73,5,1,0
BRDA:73,6,0,0
BRDA:73,6,1,0
BRDA:73,7,0,0
BRDA:73,7,1,0
BRDA:77,8,0,0
BRDA:77,9,0,0
BRDA:77,9,1,0
BRDA:77,10,0,0
BRDA:77,10,1,0
BRDA:83,11,0,0
BRDA:83,11,1,0
BRDA:83,12,0,0
BRDA:83,12,1,0
BRDA:83,13,0,0
BRDA:83,13,1,0
BRDA:83,14,0,0
BRDA:83,14,1,0
BRDA:94,15,0,1
BRF:28
BRH:6
end_of_record
